<?xml version="1.0" encoding="UTF-8"?>
<!-- Generated by org.testng.reporters.JUnitXMLReporter -->
<testsuite ignored="0" hostname="LAP-PSD011" failures="0" tests="3" name="Default test" time="6.666" errors="0" timestamp="2023-12-29T19:20:28 PKT">
  <testcase classname="Framework.TestNG2.NG2class" name="mone" time="0.008"/>
  <testcase classname="Framework.TestNG2.NG2class" name="moneee" time="0.001"/>
  <testcase classname="Framework.TestNG2.NG2class" name="monee" time="6.598"/>
</testsuite> <!-- Default test -->
