<?xml version="1.0" encoding="UTF-8"?>
<!-- Generated by org.testng.reporters.JUnitXMLReporter -->
<testsuite ignored="1" hostname="LAP-PSD011" failures="0" tests="4" name="Test" time="45.057" errors="0" timestamp="2023-12-29T19:27:54 PKT">
  <testcase classname="Framework.TestNG2.NG2class" name="login" time="14.058"/>
  <testcase classname="Framework.TestNG2.NG2class" name="moneee" time="0.002"/>
  <testcase classname="Framework.TestNG2.NG2class3" name="prioritym" time="0.002"/>
  <testcase classname="Framework.TestNG2.NG2class2" name="Checkout" time="30.935"/>
  <testcase classname="Framework.TestNG2.NG2class" name="mone" time="0.0">
    <ignored/>
  </testcase> <!-- mone -->
</testsuite> <!-- Test -->
